Running tree experiment with configuration:
Paper: papers/ds3_matrix_model/cleaned.md
Config file: config.json
Max depth: 3
Samples per node: 3
Output name: experiment_depth3_samples3
---------------------------------------
Building tree from papers/ds3_matrix_model/cleaned.md with max depth 3
Calling Harvard API (attempt 1/5)
Model: o3-mini-2025-01-31, Max tokens: 10000
API response status: 200
API response length: 14512 chars
Successfully received content (13585 chars)
Found 10 nodes to process
Processing nodes in parallel with 16 workers
Processing node: Overall Goal: Establish the dS₃/Matrix Integral Duality
Calling Harvard API (attempt 1/5)
Model: o3-mini-2025-01-31, Max tokens: 3000
Processing node: Quantum State of the Universe via dS₃ Canonical Quantization
Calling Harvard API (attempt 1/5)
Model: o3-mini-2025-01-31, Max tokens: 3000
Processing node: Canonical Quantization and Phase Space Reduction
Calling Harvard API (attempt 1/5)
Model: o3-mini-2025-01-31, Max tokens: 3000
Processing node: Selection of the Cosmological Wavefunction from TQFT Techniques
Calling Harvard API (attempt 1/5)
Model: o3-mini-2025-01-31, Max tokens: 3000
Processing node: Integrated Cosmological Correlators and Liouville String Amplitudes
Calling Harvard API (attempt 1/5)
Model: o3-mini-2025-01-31, Max tokens: 3000
Processing node: Norms of the Liouville Wavefunction as String Amplitudes
Calling Harvard API (attempt 1/5)
Model: o3-mini-2025-01-31, Max tokens: 3000
Processing node: Analytic Structure and Factorization Properties
Calling Harvard API (attempt 1/5)
Model: o3-mini-2025-01-31, Max tokens: 3000
Processing node: Reproducing dS₃ Entropy via Matrix Model Microstate Counting
Calling Harvard API (attempt 1/5)
Model: o3-mini-2025-01-31, Max tokens: 3000
Processing node: Defining Effective Eigenvalue Count and Cutting Off the Spectrum
Calling Harvard API (attempt 1/5)
Model: o3-mini-2025-01-31, Max tokens: 3000
Processing node: Matching Microstate Count with Gravitational Entropy
Calling Harvard API (attempt 1/5)
Model: o3-mini-2025-01-31, Max tokens: 3000
API response status: 200
API response length: 6538 chars
Successfully received content (5785 chars)
Calling Harvard API (attempt 1/5)
Model: o3-mini-2025-01-31, Max tokens: 3000
API response status: 200
API response length: 6674 chars
Successfully received content (5932 chars)
Calling Harvard API (attempt 1/5)
Model: o3-mini-2025-01-31, Max tokens: 3000
API response status: 200
API response length: 8535 chars
Successfully received content (7781 chars)
Calling Harvard API (attempt 1/5)
Model: o3-mini-2025-01-31, Max tokens: 3000
API response status: 200
API response length: 6352 chars
Successfully received content (5577 chars)
Calling Harvard API (attempt 1/5)
Model: o3-mini-2025-01-31, Max tokens: 3000
API response status: 200
API response length: 5953 chars
Successfully received content (5217 chars)
Calling Harvard API (attempt 1/5)
Model: o3-mini-2025-01-31, Max tokens: 3000
API response status: 200
API response length: 8262 chars
Successfully received content (7490 chars)
Calling Harvard API (attempt 1/5)
Model: o3-mini-2025-01-31, Max tokens: 3000
API response status: 200
API response length: 8319 chars
Successfully received content (7554 chars)
Calling Harvard API (attempt 1/5)
Model: o3-mini-2025-01-31, Max tokens: 3000
API response status: 200
API response length: 7812 chars
Successfully received content (7021 chars)
Calling Harvard API (attempt 1/5)
Model: o3-mini-2025-01-31, Max tokens: 3000
API response status: 200
API response length: 7389 chars
Successfully received content (6641 chars)
Calling Harvard API (attempt 1/5)
Model: o3-mini-2025-01-31, Max tokens: 3000
API response status: 200
API response length: 9806 chars
Successfully received content (9037 chars)
Calling Harvard API (attempt 1/5)
Model: o3-mini-2025-01-31, Max tokens: 3000
API response status: 200
API response length: 6687 chars
Successfully received content (5937 chars)
Calling Harvard API (attempt 1/5)
Model: o3-mini-2025-01-31, Max tokens: 3000
API response status: 200
API response length: 8072 chars
Successfully received content (7304 chars)
Calling Harvard API (attempt 1/5)
Model: o3-mini-2025-01-31, Max tokens: 3000
API response status: 200
API response length: 5626 chars
Successfully received content (4903 chars)
Calling Harvard API (attempt 1/5)
Model: o3-mini-2025-01-31, Max tokens: 3000
API response status: 200
API response length: 8894 chars
Successfully received content (8133 chars)
Calling Harvard API (attempt 1/5)
Model: o3-mini-2025-01-31, Max tokens: 3000
API response status: 200
API response length: 5871 chars
Successfully received content (5129 chars)
Calling Harvard API (attempt 1/5)
Model: o3-mini-2025-01-31, Max tokens: 3000
API response status: 200
API response length: 6108 chars
Successfully received content (5358 chars)
Calling Harvard API (attempt 1/5)
Model: o3-mini-2025-01-31, Max tokens: 3000
API response status: 200
API response length: 8492 chars
Successfully received content (7717 chars)
Calling Harvard API (attempt 1/5)
Model: o3-mini-2025-01-31, Max tokens: 3000
API response status: 200
API response length: 11071 chars
Successfully received content (10307 chars)
Calling Harvard API (attempt 1/5)
Model: o3-mini-2025-01-31, Max tokens: 3000
API response status: 200
API response length: 8456 chars
Successfully received content (7680 chars)
Calling Harvard API (attempt 1/5)
Model: o3-mini-2025-01-31, Max tokens: 3000
API response status: 200
API response length: 6114 chars
Successfully received content (5350 chars)
Calling Harvard API (attempt 1/5)
Model: o3-mini-2025-01-31, Max tokens: 2000
API response status: 200
API response length: 1276 chars
Successfully received content (589 chars)
Calling Harvard API (attempt 1/5)
Model: o3-mini-2025-01-31, Max tokens: 2000
API response status: 200
API response length: 8384 chars
Successfully received content (7617 chars)
Calling Harvard API (attempt 1/5)
Model: o3-mini-2025-01-31, Max tokens: 3000
API response status: 200
API response length: 9019 chars
Successfully received content (8259 chars)
Calling Harvard API (attempt 1/5)
Model: o3-mini-2025-01-31, Max tokens: 2000
API response status: 200
API response length: 5354 chars
Successfully received content (4625 chars)
Calling Harvard API (attempt 1/5)
Model: o3-mini-2025-01-31, Max tokens: 2000
API response status: 200
API response length: 7570 chars
Successfully received content (6796 chars)
Calling Harvard API (attempt 1/5)
Model: o3-mini-2025-01-31, Max tokens: 2000
API response status: 200
API response length: 1424 chars
Successfully received content (739 chars)
Calling Harvard API (attempt 1/5)
Model: o3-mini-2025-01-31, Max tokens: 2000
API response status: 200
API response length: 1436 chars
Successfully received content (748 chars)
Calling Harvard API (attempt 1/5)
Model: o3-mini-2025-01-31, Max tokens: 2000
API response status: 200
API response length: 6268 chars
Successfully received content (5516 chars)
Calling Harvard API (attempt 1/5)
Model: o3-mini-2025-01-31, Max tokens: 2000
API response status: 200
API response length: 1765 chars
Successfully received content (1077 chars)
Calling Harvard API (attempt 1/5)
Model: o3-mini-2025-01-31, Max tokens: 2000
API response status: 200
API response length: 1381 chars
Successfully received content (693 chars)
Calling Harvard API (attempt 1/5)
Model: o3-mini-2025-01-31, Max tokens: 2000
API response status: 200
API response length: 9014 chars
Successfully received content (8262 chars)
Calling Harvard API (attempt 1/5)
Model: o3-mini-2025-01-31, Max tokens: 2000
API response status: 200
API response length: 1495 chars
Successfully received content (808 chars)
Calling Harvard API (attempt 1/5)
Model: o3-mini-2025-01-31, Max tokens: 2000
API response status: 200
API response length: 1304 chars
Successfully received content (617 chars)
API response status: 200
API response length: 1425 chars
Successfully received content (737 chars)
API response status: 200
API response length: 1516 chars
Successfully received content (828 chars)
Calling Harvard API (attempt 1/5)
Model: o3-mini-2025-01-31, Max tokens: 2000
API response status: 200
API response length: 1366 chars
Successfully received content (678 chars)
Calling Harvard API (attempt 1/5)
Model: o3-mini-2025-01-31, Max tokens: 2000
API response status: 200
API response length: 9142 chars
Successfully received content (8334 chars)
Calling Harvard API (attempt 1/5)
Model: o3-mini-2025-01-31, Max tokens: 2000
API response status: 200
API response length: 9945 chars
Successfully received content (9172 chars)
Calling Harvard API (attempt 1/5)
Model: o3-mini-2025-01-31, Max tokens: 2000
API response status: 200
API response length: 7987 chars
Successfully received content (7196 chars)
Calling Harvard API (attempt 1/5)
Model: o3-mini-2025-01-31, Max tokens: 2000
API response status: 200
API response length: 1484 chars
Successfully received content (797 chars)
API response status: 200
API response length: 1930 chars
Successfully received content (1240 chars)
Calling Harvard API (attempt 1/5)
Model: o3-mini-2025-01-31, Max tokens: 2000
API response status: 200
API response length: 1409 chars
Successfully received content (721 chars)
Calling Harvard API (attempt 1/5)
Model: o3-mini-2025-01-31, Max tokens: 2000
API response status: 200
API response length: 1534 chars
Successfully received content (847 chars)
Calling Harvard API (attempt 1/5)
Model: o3-mini-2025-01-31, Max tokens: 2000
API response status: 200
API response length: 1499 chars
Successfully received content (811 chars)
Calling Harvard API (attempt 1/5)
Model: o3-mini-2025-01-31, Max tokens: 2000
API response status: 200
API response length: 1568 chars
Successfully received content (880 chars)
Calling Harvard API (attempt 1/5)
Model: o3-mini-2025-01-31, Max tokens: 2000
API response status: 200
API response length: 1763 chars
Successfully received content (1075 chars)
Calling Harvard API (attempt 1/5)
Model: o3-mini-2025-01-31, Max tokens: 2000
API response status: 200
API response length: 1558 chars
Successfully received content (871 chars)
Calling Harvard API (attempt 1/5)
Model: o3-mini-2025-01-31, Max tokens: 2000
API response status: 200
API response length: 7909 chars
Successfully received content (7157 chars)
Calling Harvard API (attempt 1/5)
Model: o3-mini-2025-01-31, Max tokens: 2000
API response status: 200
API response length: 1506 chars
Successfully received content (818 chars)
Calling Harvard API (attempt 1/5)
Model: o3-mini-2025-01-31, Max tokens: 2000
API response status: 200
API response length: 1551 chars
Successfully received content (864 chars)
API response status: 200
API response length: 1661 chars
Successfully received content (972 chars)
API response status: 200
API response length: 1872 chars
Successfully received content (1184 chars)
API response status: 200
API response length: 1678 chars
Successfully received content (990 chars)
Calling Harvard API (attempt 1/5)
Model: o3-mini-2025-01-31, Max tokens: 2000
API response status: 200
API response length: 1854 chars
Successfully received content (1166 chars)
Calling Harvard API (attempt 1/5)
Model: o3-mini-2025-01-31, Max tokens: 2000
API response status: 200
API response length: 1467 chars
Successfully received content (779 chars)
Calling Harvard API (attempt 1/5)
Model: o3-mini-2025-01-31, Max tokens: 2000
API response status: 200
API response length: 1901 chars
Successfully received content (1213 chars)
API response status: 200
API response length: 1452 chars
Successfully received content (765 chars)
API response status: 200
API response length: 1879 chars
Successfully received content (1192 chars)
Calling Harvard API (attempt 1/5)
Model: o3-mini-2025-01-31, Max tokens: 2000
API response status: 200
API response length: 1893 chars
Successfully received content (1205 chars)
API response status: 200
API response length: 1570 chars
Successfully received content (883 chars)
Results saved to /n/netscratch/sompolinsky_lab/Everyone/zechenzhang/physics-eval/results/experiment_depth3_samples3.json
Experiment completed successfully
Experiment completed successfully
Results saved to experiment_depth3_samples3.json
