Running tree experiment with configuration:
Paper: papers/ds3_matrix_model/cleaned.md
Config file: config.json
Max depth: 3
Samples per node: 3
Output name: experiment_depth3_samples3
---------------------------------------
Building tree from papers/ds3_matrix_model/cleaned.md with max depth 3
Calling Harvard API (attempt 1/5)
Model: o3-mini-2025-01-31, Max tokens: 10000
API response status: 200
API response length: 8046 chars
Successfully received content (7206 chars)
Found 6 nodes to process
Processing nodes in parallel with 16 workers
Processing node: Overall Goal: Establish dS₃ / Matrix Model Duality
Calling Harvard API (attempt 1/5)
Model: o3-mini-2025-01-31, Max tokens: 3000
Processing node: Derivation of Integrated Cosmological Correlators from dS₃ Gravity
Calling Harvard API (attempt 1/5)
Model: o3-mini-2025-01-31, Max tokens: 3000
Processing node: Canonical Quantization of dS₃ Gravity
Calling Harvard API (attempt 1/5)
Model: o3-mini-2025-01-31, Max tokens: 3000
Processing node: Selection of the Liouville Correlator as the Cosmological Wavefunction
Calling Harvard API (attempt 1/5)
Model: o3-mini-2025-01-31, Max tokens: 3000
Processing node: Matching de Sitter Entropy via Matrix Model Microstate Counting
Calling Harvard API (attempt 1/5)
Model: o3-mini-2025-01-31, Max tokens: 3000
Processing node: Effective Eigenvalue Distribution Cutoff
Calling Harvard API (attempt 1/5)
Model: o3-mini-2025-01-31, Max tokens: 3000
API response status: 200
API response length: 5494 chars
Successfully received content (4767 chars)
Calling Harvard API (attempt 1/5)
Model: o3-mini-2025-01-31, Max tokens: 3000
API response status: 200
API response length: 6683 chars
Successfully received content (5936 chars)
Calling Harvard API (attempt 1/5)
Model: o3-mini-2025-01-31, Max tokens: 3000
API response status: 200
API response length: 6713 chars
Successfully received content (5970 chars)
Calling Harvard API (attempt 1/5)
Model: o3-mini-2025-01-31, Max tokens: 3000
API response status: 200
API response length: 9867 chars
Successfully received content (9094 chars)
Calling Harvard API (attempt 1/5)
Model: o3-mini-2025-01-31, Max tokens: 3000
API response status: 200
API response length: 7661 chars
Successfully received content (6907 chars)
Calling Harvard API (attempt 1/5)
Model: o3-mini-2025-01-31, Max tokens: 3000
API response status: 200
API response length: 9604 chars
Successfully received content (8844 chars)
Calling Harvard API (attempt 1/5)
Model: o3-mini-2025-01-31, Max tokens: 3000
API response status: 200
API response length: 6539 chars
Successfully received content (5808 chars)
Calling Harvard API (attempt 1/5)
Model: o3-mini-2025-01-31, Max tokens: 3000
API response status: 200
API response length: 6445 chars
Successfully received content (5657 chars)
Calling Harvard API (attempt 1/5)
Model: o3-mini-2025-01-31, Max tokens: 3000
API response status: 200
API response length: 5697 chars
Successfully received content (4957 chars)
Calling Harvard API (attempt 1/5)
Model: o3-mini-2025-01-31, Max tokens: 3000
API response status: 200
API response length: 8775 chars
Successfully received content (7987 chars)
Calling Harvard API (attempt 1/5)
Model: o3-mini-2025-01-31, Max tokens: 3000
API response status: 200
API response length: 6126 chars
Successfully received content (5389 chars)
Calling Harvard API (attempt 1/5)
Model: o3-mini-2025-01-31, Max tokens: 2000
API response status: 200
API response length: 8406 chars
Successfully received content (7631 chars)
Calling Harvard API (attempt 1/5)
Model: o3-mini-2025-01-31, Max tokens: 3000
API response status: 200
API response length: 8227 chars
Successfully received content (7447 chars)
Calling Harvard API (attempt 1/5)
Model: o3-mini-2025-01-31, Max tokens: 3000
API response status: 200
API response length: 1350 chars
Successfully received content (663 chars)
Calling Harvard API (attempt 1/5)
Model: o3-mini-2025-01-31, Max tokens: 2000
API response status: 200
API response length: 1288 chars
Successfully received content (600 chars)
Calling Harvard API (attempt 1/5)
Model: o3-mini-2025-01-31, Max tokens: 2000
API response status: 200
API response length: 6590 chars
Successfully received content (5821 chars)
Calling Harvard API (attempt 1/5)
Model: o3-mini-2025-01-31, Max tokens: 2000
API response status: 200
API response length: 1340 chars
Successfully received content (652 chars)
API response status: 200
API response length: 6591 chars
Successfully received content (5849 chars)
Calling Harvard API (attempt 1/5)
Model: o3-mini-2025-01-31, Max tokens: 2000
API response status: 200
API response length: 8398 chars
Successfully received content (7645 chars)
Calling Harvard API (attempt 1/5)
Model: o3-mini-2025-01-31, Max tokens: 2000
API response status: 200
API response length: 1830 chars
Successfully received content (1141 chars)
Calling Harvard API (attempt 1/5)
Model: o3-mini-2025-01-31, Max tokens: 2000
API response status: 200
API response length: 9936 chars
Successfully received content (9172 chars)
Calling Harvard API (attempt 1/5)
Model: o3-mini-2025-01-31, Max tokens: 2000
API response status: 200
API response length: 1395 chars
Successfully received content (708 chars)
Calling Harvard API (attempt 1/5)
Model: o3-mini-2025-01-31, Max tokens: 2000
API response status: 200
API response length: 1259 chars
Successfully received content (572 chars)
Calling Harvard API (attempt 1/5)
Model: o3-mini-2025-01-31, Max tokens: 2000
API response status: 200
API response length: 8879 chars
Successfully received content (8104 chars)
Calling Harvard API (attempt 1/5)
Model: o3-mini-2025-01-31, Max tokens: 2000
API response status: 200
API response length: 1809 chars
Successfully received content (1121 chars)
Calling Harvard API (attempt 1/5)
Model: o3-mini-2025-01-31, Max tokens: 2000
API response status: 200
API response length: 1788 chars
Successfully received content (1098 chars)
Calling Harvard API (attempt 1/5)
Model: o3-mini-2025-01-31, Max tokens: 2000
API response status: 200
API response length: 1724 chars
Successfully received content (1035 chars)
Calling Harvard API (attempt 1/5)
Model: o3-mini-2025-01-31, Max tokens: 2000
API response status: 200
API response length: 1700 chars
Successfully received content (1011 chars)
API response status: 200
API response length: 1746 chars
Successfully received content (1058 chars)
Calling Harvard API (attempt 1/5)
Model: o3-mini-2025-01-31, Max tokens: 2000
API response status: 200
API response length: 2087 chars
Successfully received content (1395 chars)
Calling Harvard API (attempt 1/5)
Model: o3-mini-2025-01-31, Max tokens: 2000
API response status: 200
API response length: 2268 chars
Successfully received content (1575 chars)
Calling Harvard API (attempt 1/5)
Model: o3-mini-2025-01-31, Max tokens: 2000
API response status: 200
API response length: 1772 chars
Successfully received content (1084 chars)
API response status: 200
API response length: 1838 chars
Successfully received content (1149 chars)
API response status: 200
API response length: 1957 chars
Successfully received content (1269 chars)
Calling Harvard API (attempt 1/5)
Model: o3-mini-2025-01-31, Max tokens: 2000
API response status: 200
API response length: 2112 chars
Successfully received content (1422 chars)
API response status: 200
API response length: 2167 chars
Successfully received content (1474 chars)
Results saved to /n/netscratch/sompolinsky_lab/Everyone/zechenzhang/physics-eval/results/experiment_depth3_samples3.json
Experiment completed successfully
Experiment completed successfully
Results saved to experiment_depth3_samples3.json
