Running tree experiment with configuration:
Paper: papers/ds3_matrix_model/cleaned.md
Config file: config.json
Max depth: 6
Samples per node: 3
Output name: experiment_20250417_145558
---------------------------------------
Building tree from papers/ds3_matrix_model/cleaned.md with max depth 6
Calling Harvard API (attempt 1/5)
Model: o3-mini-2025-01-31, Max tokens: 10000
API response status: 200
API response length: 14580 chars
Successfully received content (13641 chars)
Found 10 nodes to process
Processing nodes in parallel with 16 workers
Processing node: Overall Goal: Establish dS₃/Matrix Model Duality
Calling Harvard API (attempt 1/5)
Model: o3-mini-2025-01-31, Max tokens: 3000
Processing node: Establish Duality via Integrated Cosmological Correlators
Calling Harvard API (attempt 1/5)
Model: o3-mini-2025-01-31, Max tokens: 3000
Processing node: Canonical Quantization of dS₃ Gravity
Calling Harvard API (attempt 1/5)
Model: o3-mini-2025-01-31, Max tokens: 3000
Processing node: Identification of the Liouville Wavefunction
Calling Harvard API (attempt 1/5)
Model: o3-mini-2025-01-31, Max tokens: 3000
Processing node: Integrated Cosmological Correlators as Norms
Calling Harvard API (attempt 1/5)
Model: o3-mini-2025-01-31, Max tokens: 3000
Processing node: Mapping to Matrix Model Resolvents
Calling Harvard API (attempt 1/5)
Model: o3-mini-2025-01-31, Max tokens: 3000
Processing node: Establish Duality via de Sitter Entropy Matching
Calling Harvard API (attempt 1/5)
Model: o3-mini-2025-01-31, Max tokens: 3000
Processing node: Computation of the Three-Sphere Partition Function
Calling Harvard API (attempt 1/5)
Model: o3-mini-2025-01-31, Max tokens: 3000
Processing node: Matrix Model Eigenvalue Counting
Calling Harvard API (attempt 1/5)
Model: o3-mini-2025-01-31, Max tokens: 3000
Processing node: Matching Tension Normalization
Calling Harvard API (attempt 1/5)
Model: o3-mini-2025-01-31, Max tokens: 3000
API response status: 200
API response length: 6328 chars
Successfully received content (5566 chars)
Calling Harvard API (attempt 1/5)
Model: o3-mini-2025-01-31, Max tokens: 3000
API response status: 200
API response length: 4157 chars
Successfully received content (3397 chars)
Calling Harvard API (attempt 1/5)
Model: o3-mini-2025-01-31, Max tokens: 3000
API response status: 200
API response length: 8795 chars
Successfully received content (8022 chars)
Calling Harvard API (attempt 1/5)
Model: o3-mini-2025-01-31, Max tokens: 3000
API response status: 200
API response length: 6993 chars
Successfully received content (6185 chars)
Calling Harvard API (attempt 1/5)
Model: o3-mini-2025-01-31, Max tokens: 3000
API response status: 200
API response length: 8885 chars
Successfully received content (8131 chars)
Calling Harvard API (attempt 1/5)
Model: o3-mini-2025-01-31, Max tokens: 3000
API response status: 200
API response length: 5598 chars
Successfully received content (4860 chars)
Calling Harvard API (attempt 1/5)
Model: o3-mini-2025-01-31, Max tokens: 3000
API response status: 200
API response length: 682 chars
Successfully received content (0 chars)
Calling Harvard API (attempt 1/5)
Model: o3-mini-2025-01-31, Max tokens: 3000
API response status: 200
API response length: 6822 chars
Successfully received content (6054 chars)
Calling Harvard API (attempt 1/5)
Model: o3-mini-2025-01-31, Max tokens: 3000
API response status: 200
API response length: 4235 chars
Successfully received content (3457 chars)
Calling Harvard API (attempt 1/5)
Model: o3-mini-2025-01-31, Max tokens: 3000
API response status: 200
API response length: 6300 chars
Successfully received content (5542 chars)
Calling Harvard API (attempt 1/5)
Model: o3-mini-2025-01-31, Max tokens: 3000
API response status: 200
API response length: 9043 chars
Successfully received content (8297 chars)
Calling Harvard API (attempt 1/5)
Model: o3-mini-2025-01-31, Max tokens: 3000
API response status: 200
API response length: 8609 chars
Successfully received content (7818 chars)
Calling Harvard API (attempt 1/5)
Model: o3-mini-2025-01-31, Max tokens: 3000
API response status: 200
API response length: 5974 chars
Successfully received content (5231 chars)
Calling Harvard API (attempt 1/5)
Model: o3-mini-2025-01-31, Max tokens: 3000
API response status: 200
API response length: 7691 chars
Successfully received content (6923 chars)
Calling Harvard API (attempt 1/5)
Model: o3-mini-2025-01-31, Max tokens: 3000
API response status: 200
API response length: 9650 chars
Successfully received content (8879 chars)
Calling Harvard API (attempt 1/5)
Model: o3-mini-2025-01-31, Max tokens: 3000
API response status: 200
API response length: 2599 chars
Successfully received content (1882 chars)
Calling Harvard API (attempt 1/5)
Model: o3-mini-2025-01-31, Max tokens: 3000
API response status: 200
API response length: 5257 chars
Successfully received content (4502 chars)
Calling Harvard API (attempt 1/5)
Model: o3-mini-2025-01-31, Max tokens: 3000
API response status: 200
API response length: 8476 chars
Successfully received content (7721 chars)
Calling Harvard API (attempt 1/5)
Model: o3-mini-2025-01-31, Max tokens: 3000
API response status: 200
API response length: 2994 chars
Successfully received content (2237 chars)
Calling Harvard API (attempt 1/5)
Model: o3-mini-2025-01-31, Max tokens: 2000
API response status: 200
API response length: 7093 chars
Successfully received content (6312 chars)
Calling Harvard API (attempt 1/5)
Model: o3-mini-2025-01-31, Max tokens: 2000
API response status: 200
API response length: 8382 chars
Successfully received content (7617 chars)
Calling Harvard API (attempt 1/5)
Model: o3-mini-2025-01-31, Max tokens: 2000
API response status: 200
API response length: 8012 chars
Successfully received content (7247 chars)
Calling Harvard API (attempt 1/5)
Model: o3-mini-2025-01-31, Max tokens: 2000
API response status: 200
API response length: 1343 chars
Successfully received content (655 chars)
Calling Harvard API (attempt 1/5)
Model: o3-mini-2025-01-31, Max tokens: 2000
API response status: 200
API response length: 7503 chars
Successfully received content (6720 chars)
Calling Harvard API (attempt 1/5)
Model: o3-mini-2025-01-31, Max tokens: 2000
API response status: 200
API response length: 7881 chars
Successfully received content (7109 chars)
Calling Harvard API (attempt 1/5)
Model: o3-mini-2025-01-31, Max tokens: 2000
API response status: 200
API response length: 1333 chars
Successfully received content (645 chars)
Calling Harvard API (attempt 1/5)
Model: o3-mini-2025-01-31, Max tokens: 2000
API response status: 200
API response length: 1389 chars
Successfully received content (701 chars)
Calling Harvard API (attempt 1/5)
Model: o3-mini-2025-01-31, Max tokens: 2000
API response status: 200
API response length: 1572 chars
Successfully received content (886 chars)
Calling Harvard API (attempt 1/5)
Model: o3-mini-2025-01-31, Max tokens: 2000
API response status: 200
API response length: 682 chars
Successfully received content (0 chars)
Calling Harvard API (attempt 1/5)
Model: o3-mini-2025-01-31, Max tokens: 2000
API response status: 200
API response length: 1438 chars
Successfully received content (751 chars)
Calling Harvard API (attempt 1/5)
Model: o3-mini-2025-01-31, Max tokens: 2000
API response status: 200
API response length: 9359 chars
Successfully received content (8590 chars)
Calling Harvard API (attempt 1/5)
Model: o3-mini-2025-01-31, Max tokens: 3000
API response status: 200
API response length: 5595 chars
Successfully received content (4837 chars)
Calling Harvard API (attempt 1/5)
Model: o3-mini-2025-01-31, Max tokens: 2000
API response status: 200
API response length: 1582 chars
Successfully received content (894 chars)
Calling Harvard API (attempt 1/5)
Model: o3-mini-2025-01-31, Max tokens: 2000
API response status: 200
API response length: 1066 chars
Successfully received content (380 chars)
Calling Harvard API (attempt 1/5)
Model: o3-mini-2025-01-31, Max tokens: 2000
API response status: 200
API response length: 1775 chars
Successfully received content (1087 chars)
Calling Harvard API (attempt 1/5)
Model: o3-mini-2025-01-31, Max tokens: 2000
API response status: 200
API response length: 1410 chars
Successfully received content (722 chars)
Calling Harvard API (attempt 1/5)
Model: o3-mini-2025-01-31, Max tokens: 2000
API response status: 200
API response length: 1218 chars
Successfully received content (530 chars)
Calling Harvard API (attempt 1/5)
Model: o3-mini-2025-01-31, Max tokens: 2000
API response status: 200
API response length: 1560 chars
Successfully received content (872 chars)
Calling Harvard API (attempt 1/5)
Model: o3-mini-2025-01-31, Max tokens: 2000
API response status: 200
API response length: 1279 chars
Successfully received content (591 chars)
API response status: 200
API response length: 1497 chars
Successfully received content (809 chars)
API response status: 200
API response length: 1390 chars
Successfully received content (703 chars)
Calling Harvard API (attempt 1/5)
Model: o3-mini-2025-01-31, Max tokens: 2000
API response status: 200
API response length: 1363 chars
Successfully received content (675 chars)
Calling Harvard API (attempt 1/5)
Model: o3-mini-2025-01-31, Max tokens: 2000
API response status: 200
API response length: 1587 chars
Successfully received content (899 chars)
API response status: 200
API response length: 1713 chars
Successfully received content (1025 chars)
Calling Harvard API (attempt 1/5)
Model: o3-mini-2025-01-31, Max tokens: 2000
API response status: 200
API response length: 1767 chars
Successfully received content (1075 chars)
Calling Harvard API (attempt 1/5)
Model: o3-mini-2025-01-31, Max tokens: 2000
API response status: 200
API response length: 1089 chars
Successfully received content (403 chars)
API response status: 200
API response length: 1375 chars
Successfully received content (687 chars)
API response status: 200
API response length: 1651 chars
Successfully received content (963 chars)
API response status: 200
API response length: 8559 chars
Successfully received content (7781 chars)
Calling Harvard API (attempt 1/5)
Model: o3-mini-2025-01-31, Max tokens: 3000
API response status: 200
API response length: 1920 chars
Successfully received content (1232 chars)
Calling Harvard API (attempt 1/5)
Model: o3-mini-2025-01-31, Max tokens: 2000
API response status: 200
API response length: 1615 chars
Successfully received content (928 chars)
API response status: 200
API response length: 10707 chars
Successfully received content (9915 chars)
Calling Harvard API (attempt 1/5)
Model: o3-mini-2025-01-31, Max tokens: 2000
API response status: 200
API response length: 1427 chars
Successfully received content (740 chars)
API response status: 200
API response length: 1625 chars
Successfully received content (937 chars)
Calling Harvard API (attempt 1/5)
Model: o3-mini-2025-01-31, Max tokens: 2000
API response status: 200
API response length: 1603 chars
Successfully received content (917 chars)
Calling Harvard API (attempt 1/5)
Model: o3-mini-2025-01-31, Max tokens: 2000
API response status: 200
API response length: 1505 chars
Successfully received content (817 chars)
API response status: 200
API response length: 9006 chars
Successfully received content (8202 chars)
Calling Harvard API (attempt 1/5)
Model: o3-mini-2025-01-31, Max tokens: 2000
API response status: 200
API response length: 1657 chars
Successfully received content (969 chars)
Calling Harvard API (attempt 1/5)
Model: o3-mini-2025-01-31, Max tokens: 2000
API response status: 200
API response length: 1595 chars
Successfully received content (908 chars)
Calling Harvard API (attempt 1/5)
Model: o3-mini-2025-01-31, Max tokens: 2000
API response status: 200
API response length: 1865 chars
Successfully received content (1177 chars)
Results saved to /n/netscratch/sompolinsky_lab/Everyone/zechenzhang/physics-eval/results/experiment_20250417_145558.json
Experiment completed successfully
Experiment completed successfully
Results saved to experiment_20250417_145558.json
