Running tree experiment with configuration:
Paper: papers/ds3_matrix_model/cleaned.md
Config file: config.json
Max depth: 5
Samples per node: 3
Output name: experiment_20250417_140907
---------------------------------------
Building tree from papers/ds3_matrix_model/cleaned.md with max depth 5
Calling Harvard API (attempt 1/5)
Model: o3-mini-2025-01-31, Max tokens: 10000
API response status: 200
API response length: 13512 chars
Successfully received content (12574 chars)
Found 10 nodes to process
Processing nodes in parallel with 16 workers
Processing node: Overall Goal: Establish a precise dS₃/matrix model duality
Calling Harvard API (attempt 1/5)
Model: o3-mini-2025-01-31, Max tokens: 3000
Processing node: Canonical Quantization and the dS₃ Wavefunction
Calling Harvard API (attempt 1/5)
Model: o3-mini-2025-01-31, Max tokens: 3000
Processing node: Quantization of the Gravitational Phase Space
Calling Harvard API (attempt 1/5)
Model: o3-mini-2025-01-31, Max tokens: 3000
Processing node: Gravitational Wavefunction via TQFT and Liouville CFT
Calling Harvard API (attempt 1/5)
Model: o3-mini-2025-01-31, Max tokens: 3000
Processing node: Integrated Cosmological Correlators and String Amplitudes
Calling Harvard API (attempt 1/5)
Model: o3-mini-2025-01-31, Max tokens: 3000
Processing node: Mapping Cosmological Correlators to String Amplitudes
Calling Harvard API (attempt 1/5)
Model: o3-mini-2025-01-31, Max tokens: 3000
Processing node: Analytic Structure and Factorization of Correlators
Calling Harvard API (attempt 1/5)
Model: o3-mini-2025-01-31, Max tokens: 3000
Processing node: de Sitter Entropy and Matrix Model Microstate Counting
Calling Harvard API (attempt 1/5)
Model: o3-mini-2025-01-31, Max tokens: 3000
Processing node: Three-Sphere Partition Function and Gibbons–Hawking Entropy
Calling Harvard API (attempt 1/5)
Model: o3-mini-2025-01-31, Max tokens: 3000
Processing node: Matrix Model Eigenvalue Density and Effective Counting
Calling Harvard API (attempt 1/5)
Model: o3-mini-2025-01-31, Max tokens: 3000
API response status: 200
API response length: 4230 chars
Successfully received content (3508 chars)
Calling Harvard API (attempt 1/5)
Model: o3-mini-2025-01-31, Max tokens: 3000
API response status: 200
API response length: 7791 chars
Successfully received content (7033 chars)
Calling Harvard API (attempt 1/5)
Model: o3-mini-2025-01-31, Max tokens: 3000
API response status: 200
API response length: 7002 chars
Successfully received content (6249 chars)
Calling Harvard API (attempt 1/5)
Model: o3-mini-2025-01-31, Max tokens: 3000
API response status: 200
API response length: 7756 chars
Successfully received content (7012 chars)
Calling Harvard API (attempt 1/5)
Model: o3-mini-2025-01-31, Max tokens: 3000
API response status: 200
API response length: 6854 chars
Successfully received content (6119 chars)
Calling Harvard API (attempt 1/5)
Model: o3-mini-2025-01-31, Max tokens: 3000
API response status: 200
API response length: 8971 chars
Successfully received content (8225 chars)
Calling Harvard API (attempt 1/5)
Model: o3-mini-2025-01-31, Max tokens: 3000
API response status: 200
API response length: 4204 chars
Successfully received content (3462 chars)
Calling Harvard API (attempt 1/5)
Model: o3-mini-2025-01-31, Max tokens: 3000
API response status: 200
API response length: 7981 chars
Successfully received content (7223 chars)
Calling Harvard API (attempt 1/5)
Model: o3-mini-2025-01-31, Max tokens: 3000
API response status: 200
API response length: 9126 chars
Successfully received content (8356 chars)
Calling Harvard API (attempt 1/5)
Model: o3-mini-2025-01-31, Max tokens: 3000
API response status: 200
API response length: 5363 chars
Successfully received content (4625 chars)
Calling Harvard API (attempt 1/5)
Model: o3-mini-2025-01-31, Max tokens: 3000
API response status: 200
API response length: 7241 chars
Successfully received content (6496 chars)
Calling Harvard API (attempt 1/5)
Model: o3-mini-2025-01-31, Max tokens: 3000
API response status: 200
API response length: 9389 chars
Successfully received content (8637 chars)
Calling Harvard API (attempt 1/5)
Model: o3-mini-2025-01-31, Max tokens: 3000
API response status: 200
API response length: 6931 chars
Successfully received content (6193 chars)
Calling Harvard API (attempt 1/5)
Model: o3-mini-2025-01-31, Max tokens: 3000
API response status: 200
API response length: 8231 chars
Successfully received content (7484 chars)
Calling Harvard API (attempt 1/5)
Model: o3-mini-2025-01-31, Max tokens: 3000
API response status: 200
API response length: 7988 chars
Successfully received content (7226 chars)
Calling Harvard API (attempt 1/5)
Model: o3-mini-2025-01-31, Max tokens: 3000
API response status: 200
API response length: 3147 chars
Successfully received content (2409 chars)
Calling Harvard API (attempt 1/5)
Model: o3-mini-2025-01-31, Max tokens: 3000
API response status: 200
API response length: 8653 chars
Successfully received content (7887 chars)
Calling Harvard API (attempt 1/5)
Model: o3-mini-2025-01-31, Max tokens: 3000
API response status: 200
API response length: 9451 chars
Successfully received content (8699 chars)
Calling Harvard API (attempt 1/5)
Model: o3-mini-2025-01-31, Max tokens: 3000
API response status: 200
API response length: 4744 chars
Successfully received content (4013 chars)
Calling Harvard API (attempt 1/5)
Model: o3-mini-2025-01-31, Max tokens: 2000
API response status: 200
API response length: 8414 chars
Successfully received content (7651 chars)
Calling Harvard API (attempt 1/5)
Model: o3-mini-2025-01-31, Max tokens: 3000
API response status: 200
API response length: 8204 chars
Successfully received content (7451 chars)
Calling Harvard API (attempt 1/5)
Model: o3-mini-2025-01-31, Max tokens: 2000
API response status: 200
API response length: 8321 chars
Successfully received content (7558 chars)
Calling Harvard API (attempt 1/5)
Model: o3-mini-2025-01-31, Max tokens: 2000
API response status: 200
API response length: 1519 chars
Successfully received content (831 chars)
Calling Harvard API (attempt 1/5)
Model: o3-mini-2025-01-31, Max tokens: 2000
API response status: 200
API response length: 1464 chars
Successfully received content (776 chars)
Calling Harvard API (attempt 1/5)
Model: o3-mini-2025-01-31, Max tokens: 2000
API response status: 200
API response length: 6894 chars
Successfully received content (6153 chars)
Calling Harvard API (attempt 1/5)
Model: o3-mini-2025-01-31, Max tokens: 2000
API response status: 200
API response length: 2093 chars
Successfully received content (1403 chars)
Calling Harvard API (attempt 1/5)
Model: o3-mini-2025-01-31, Max tokens: 2000
API response status: 200
API response length: 1326 chars
Successfully received content (638 chars)
Calling Harvard API (attempt 1/5)
Model: o3-mini-2025-01-31, Max tokens: 2000
API response status: 200
API response length: 7369 chars
Successfully received content (6615 chars)
Calling Harvard API (attempt 1/5)
Model: o3-mini-2025-01-31, Max tokens: 2000
API response status: 200
API response length: 1457 chars
Successfully received content (769 chars)
Calling Harvard API (attempt 1/5)
Model: o3-mini-2025-01-31, Max tokens: 2000
API response status: 200
API response length: 1589 chars
Successfully received content (901 chars)
Calling Harvard API (attempt 1/5)
Model: o3-mini-2025-01-31, Max tokens: 2000
API response status: 200
API response length: 5888 chars
Successfully received content (5103 chars)
Calling Harvard API (attempt 1/5)
Model: o3-mini-2025-01-31, Max tokens: 2000
API response status: 200
API response length: 7194 chars
Successfully received content (6442 chars)
Calling Harvard API (attempt 1/5)
Model: o3-mini-2025-01-31, Max tokens: 2000
API response status: 200
API response length: 1460 chars
Successfully received content (772 chars)
Calling Harvard API (attempt 1/5)
Model: o3-mini-2025-01-31, Max tokens: 2000
API response status: 200
API response length: 1423 chars
Successfully received content (737 chars)
Calling Harvard API (attempt 1/5)
Model: o3-mini-2025-01-31, Max tokens: 2000
API response status: 200
API response length: 1624 chars
Successfully received content (936 chars)
Calling Harvard API (attempt 1/5)
Model: o3-mini-2025-01-31, Max tokens: 2000
API response status: 200
API response length: 1640 chars
Successfully received content (952 chars)
API response status: 200
API response length: 8375 chars
Successfully received content (7607 chars)
Calling Harvard API (attempt 1/5)
Model: o3-mini-2025-01-31, Max tokens: 2000
API response status: 200
API response length: 1368 chars
Successfully received content (680 chars)
Calling Harvard API (attempt 1/5)
Model: o3-mini-2025-01-31, Max tokens: 2000
API response status: 200
API response length: 1555 chars
Successfully received content (867 chars)
API response status: 200
API response length: 1528 chars
Successfully received content (840 chars)
API response status: 200
API response length: 1885 chars
Successfully received content (1197 chars)
Calling Harvard API (attempt 1/5)
Model: o3-mini-2025-01-31, Max tokens: 2000
API response status: 200
API response length: 1473 chars
Successfully received content (785 chars)
Calling Harvard API (attempt 1/5)
Model: o3-mini-2025-01-31, Max tokens: 2000
API response status: 200
API response length: 1423 chars
Successfully received content (735 chars)
API response status: 200
API response length: 1540 chars
Successfully received content (852 chars)
Calling Harvard API (attempt 1/5)
Model: o3-mini-2025-01-31, Max tokens: 2000
API response status: 200
API response length: 1475 chars
Successfully received content (787 chars)
API response status: 200
API response length: 1534 chars
Successfully received content (846 chars)
Calling Harvard API (attempt 1/5)
Model: o3-mini-2025-01-31, Max tokens: 2000
API response status: 200
API response length: 1507 chars
Successfully received content (819 chars)
Calling Harvard API (attempt 1/5)
Model: o3-mini-2025-01-31, Max tokens: 2000
API response status: 200
API response length: 1509 chars
Successfully received content (823 chars)
API response status: 200
API response length: 1564 chars
Successfully received content (876 chars)
Calling Harvard API (attempt 1/5)
Model: o3-mini-2025-01-31, Max tokens: 2000
API response status: 200
API response length: 1699 chars
Successfully received content (1011 chars)
API response status: 200
API response length: 7409 chars
Successfully received content (6654 chars)
Calling Harvard API (attempt 1/5)
Model: o3-mini-2025-01-31, Max tokens: 2000
API response status: 200
API response length: 1546 chars
Successfully received content (858 chars)
API response status: 200
API response length: 1535 chars
Successfully received content (847 chars)
Calling Harvard API (attempt 1/5)
Model: o3-mini-2025-01-31, Max tokens: 2000
API response status: 200
API response length: 1751 chars
Successfully received content (1063 chars)
Calling Harvard API (attempt 1/5)
Model: o3-mini-2025-01-31, Max tokens: 2000
API response status: 200
API response length: 8493 chars
Successfully received content (7724 chars)
Calling Harvard API (attempt 1/5)
Model: o3-mini-2025-01-31, Max tokens: 3000
API response status: 200
API response length: 1870 chars
Successfully received content (1180 chars)
API response status: 200
API response length: 7763 chars
Successfully received content (7016 chars)
Calling Harvard API (attempt 1/5)
Model: o3-mini-2025-01-31, Max tokens: 2000
API response status: 200
API response length: 1644 chars
Successfully received content (956 chars)
Calling Harvard API (attempt 1/5)
Model: o3-mini-2025-01-31, Max tokens: 2000
API response status: 200
API response length: 1557 chars
Successfully received content (869 chars)
Calling Harvard API (attempt 1/5)
Model: o3-mini-2025-01-31, Max tokens: 2000
API response status: 200
API response length: 1666 chars
Successfully received content (979 chars)
Results saved to /n/netscratch/sompolinsky_lab/Everyone/zechenzhang/physics-eval/results/experiment_20250417_140907.json
Experiment completed successfully
Experiment completed successfully
Results saved to experiment_20250417_140907.json
